12:25:58 [types] Generated 13ms
12:26:03 [content] Syncing content
12:26:03 [content] Astro config changed
12:26:03 [content] Content config changed
12:26:03 [content] Clearing content store
12:26:03 [content] Synced content
12:26:03 [vite] Re-optimizing dependencies because vite config has changed

 astro  v5.17.1 ready in 15922 ms

┃ Local    http://localhost:3000/
┃ Network  http://10.255.255.254:3000/
           http://172.27.90.95:3000/

12:26:03 watching for file changes...
12:29:16 [200] / 118ms
12:29:31 [200] / 13ms
12:29:33 [200] /writing/ 56ms
12:29:35 [200] /notes/ 60ms
12:29:36 [200] /work/ 21ms
12:29:37 [200] /about/ 12ms
12:29:41 [200] /work/ 7ms
12:29:42 [200] /notes/ 7ms
12:29:44 [200] /writing/ 10ms
12:29:45 [200] / 5ms
